c:\users\simcha\dropbox\visionc++\visionc++adv\mooreboundarytrackingalgorithm\mooreboundarytrackingalgorithm\x64\debug\vc141.pdb
c:\users\simcha\dropbox\visionc++\visionc++adv\mooreboundarytrackingalgorithm\mooreboundarytrackingalgorithm\x64\debug\vc141.idb
c:\users\simcha\dropbox\visionc++\visionc++adv\mooreboundarytrackingalgorithm\mooreboundarytrackingalgorithm\x64\debug\allcontourstestprogramma.obj
c:\users\simcha\dropbox\visionc++\visionc++adv\mooreboundarytrackingalgorithm\mooreboundarytrackingalgorithm\x64\debug\avansvisionlib.obj
c:\users\simcha\dropbox\visionc++\visionc++adv\mooreboundarytrackingalgorithm\mooreboundarytrackingalgorithm\x64\debug\allcontours.obj
c:\users\loes\dropbox\vision\visionc++adv\mooreboundarytrackingalgorithm\mooreboundarytrackingalgorithm\x64\debug\vc141.pdb
c:\users\loes\dropbox\vision\visionc++adv\mooreboundarytrackingalgorithm\mooreboundarytrackingalgorithm\x64\debug\vc141.idb
c:\users\loes\documents\github\vision2\mooreboundarytrackingalgorithm\x64\debug\vc141.pdb
c:\users\loes\documents\github\vision2\mooreboundarytrackingalgorithm\x64\debug\vc141.idb
c:\users\loes\documents\github\vision2\mooreboundarytrackingalgorithm\x64\debug\allcontours.obj
c:\users\loes\documents\github\vision2\mooreboundarytrackingalgorithm\x64\debug\avansvisionlib.obj
c:\users\simcha\dropbox\visionc++\visionc++adv\mooreboundarytrackingalgorithm\x64\debug\mooreboundarytrackingalgorithm.ilk
c:\users\simcha\dropbox\visionc++\visionc++adv\mooreboundarytrackingalgorithm\x64\debug\mooreboundarytrackingalgorithm.exe
c:\users\simcha\dropbox\visionc++\visionc++adv\mooreboundarytrackingalgorithm\x64\debug\mooreboundarytrackingalgorithm.pdb
c:\users\loes\documents\github\vision2\mooreboundarytrackingalgorithm\x64\debug\allcontours.obj.enc
c:\users\loes\documents\github\vision2\mooreboundarytrackingalgorithm\x64\debug\allcontourstestprogramma.obj.enc
c:\users\loes\documents\github\vision2\x64\debug\mooreboundarytrackingalgorithm.pdb
c:\users\loes\documents\github\vision2\x64\debug\mooreboundarytrackingalgorithm.exe
c:\users\loes\documents\github\vision2\x64\debug\mooreboundarytrackingalgorithm.ilk
c:\users\loes\documents\github\vision2\mooreboundarytrackingalgorithm\x64\debug\moorebou.4329e372.tlog\cl.command.1.tlog
c:\users\loes\documents\github\vision2\mooreboundarytrackingalgorithm\x64\debug\moorebou.4329e372.tlog\cl.read.1.tlog
c:\users\loes\documents\github\vision2\mooreboundarytrackingalgorithm\x64\debug\moorebou.4329e372.tlog\cl.write.1.tlog
c:\users\loes\documents\github\vision2\mooreboundarytrackingalgorithm\x64\debug\moorebou.4329e372.tlog\link.command.1.tlog
c:\users\loes\documents\github\vision2\mooreboundarytrackingalgorithm\x64\debug\moorebou.4329e372.tlog\link.read.1.tlog
c:\users\loes\documents\github\vision2\mooreboundarytrackingalgorithm\x64\debug\moorebou.4329e372.tlog\link.write.1.tlog
